2021-09-28 11:30:25,997 INFO 77575 [egg:logger] init all loggers with options: {"dir":"/Users/huajiao/Desktop/testProject/github-lw/algorithm/quickPro/server/logs/quick-pro-server","encoding":"utf8","env":"local","level":"INFO","consoleLevel":"INFO","disableConsoleAfterReady":false,"outputJSON":false,"buffer":true,"appLogName":"quick-pro-server-web.log","coreLogName":"egg-web.log","agentLogName":"egg-agent.log","errorLogName":"common-error.log","coreLogger":{"consoleLevel":"WARN"},"allowDebugAtProd":false,"type":"application"}
2021-09-28 11:30:26,024 INFO 77575 [egg-multipart] stream mode enable
2021-09-28 11:30:26,119 INFO 77575 [egg-static] starting static serve /public/ -> /Users/huajiao/Desktop/testProject/github-lw/algorithm/quickPro/server/app/public
2021-09-28 11:30:26,122 INFO 77575 [egg-security] use csrf middleware
2021-09-28 11:30:26,123 INFO 77575 [egg-security] use methodnoallow middleware
2021-09-28 11:30:26,123 INFO 77575 [egg-security] use noopen middleware
2021-09-28 11:30:26,124 INFO 77575 [egg-security] use nosniff middleware
2021-09-28 11:30:26,125 INFO 77575 [egg-security] use xssProtection middleware
2021-09-28 11:30:26,125 INFO 77575 [egg-security] use xframe middleware
2021-09-28 11:30:26,126 INFO 77575 [egg-security] use dta middleware
2021-09-28 11:30:26,126 INFO 77575 [egg-security] compose 7 middlewares into one security middleware
2021-09-28 11:30:26,132 INFO 77575 [egg:core] dump config after load, 4ms
2021-09-28 11:30:26,146 INFO 77575 [egg-watcher:application] watcher start success
2021-09-28 11:30:26,153 INFO 77575 [egg:core] dump config after ready, 4ms
2021-09-28 11:35:23,186 INFO 77677 [egg:logger] init all loggers with options: {"dir":"/Users/huajiao/Desktop/testProject/github-lw/algorithm/quickPro/server/logs/quick-pro-server","encoding":"utf8","env":"local","level":"INFO","consoleLevel":"INFO","disableConsoleAfterReady":false,"outputJSON":false,"buffer":true,"appLogName":"quick-pro-server-web.log","coreLogName":"egg-web.log","agentLogName":"egg-agent.log","errorLogName":"common-error.log","coreLogger":{"consoleLevel":"WARN"},"allowDebugAtProd":false,"type":"application"}
2021-09-28 11:35:23,207 INFO 77677 [egg-multipart] stream mode enable
2021-09-28 11:35:23,255 INFO 77677 [egg-static] starting static serve /public/ -> /Users/huajiao/Desktop/testProject/github-lw/algorithm/quickPro/server/app/public
2021-09-28 11:35:23,257 INFO 77677 [egg-security] use csrf middleware
2021-09-28 11:35:23,257 INFO 77677 [egg-security] use methodnoallow middleware
2021-09-28 11:35:23,258 INFO 77677 [egg-security] use noopen middleware
2021-09-28 11:35:23,258 INFO 77677 [egg-security] use nosniff middleware
2021-09-28 11:35:23,258 INFO 77677 [egg-security] use xssProtection middleware
2021-09-28 11:35:23,259 INFO 77677 [egg-security] use xframe middleware
2021-09-28 11:35:23,259 INFO 77677 [egg-security] use dta middleware
2021-09-28 11:35:23,259 INFO 77677 [egg-security] compose 7 middlewares into one security middleware
2021-09-28 11:35:23,263 INFO 77677 [egg:core] dump config after load, 3ms
2021-09-28 11:35:23,271 INFO 77677 [egg-watcher:application] watcher start success
2021-09-28 11:35:23,276 INFO 77677 [egg:core] dump config after ready, 3ms
2021-09-28 11:35:24,723 INFO 77680 [egg:logger] init all loggers with options: {"dir":"/Users/huajiao/Desktop/testProject/github-lw/algorithm/quickPro/server/logs/quick-pro-server","encoding":"utf8","env":"local","level":"INFO","consoleLevel":"INFO","disableConsoleAfterReady":false,"outputJSON":false,"buffer":true,"appLogName":"quick-pro-server-web.log","coreLogName":"egg-web.log","agentLogName":"egg-agent.log","errorLogName":"common-error.log","coreLogger":{"consoleLevel":"WARN"},"allowDebugAtProd":false,"type":"application"}
2021-09-28 11:35:24,749 INFO 77680 [egg-multipart] stream mode enable
2021-09-28 11:35:24,814 INFO 77680 [egg-static] starting static serve /public/ -> /Users/huajiao/Desktop/testProject/github-lw/algorithm/quickPro/server/app/public
2021-09-28 11:35:24,817 INFO 77680 [egg-security] use csrf middleware
2021-09-28 11:35:24,818 INFO 77680 [egg-security] use methodnoallow middleware
2021-09-28 11:35:24,818 INFO 77680 [egg-security] use noopen middleware
2021-09-28 11:35:24,819 INFO 77680 [egg-security] use nosniff middleware
2021-09-28 11:35:24,819 INFO 77680 [egg-security] use xssProtection middleware
2021-09-28 11:35:24,820 INFO 77680 [egg-security] use xframe middleware
2021-09-28 11:35:24,820 INFO 77680 [egg-security] use dta middleware
2021-09-28 11:35:24,820 INFO 77680 [egg-security] compose 7 middlewares into one security middleware
2021-09-28 11:35:24,825 INFO 77680 [egg:core] dump config after load, 4ms
2021-09-28 11:35:24,837 INFO 77680 [egg-watcher:application] watcher start success
2021-09-28 11:35:24,843 INFO 77680 [egg:core] dump config after ready, 4ms
